-------------------------------------------------------------------------------
Test set: com.verification.structural.MobileServiceTestVerification
-------------------------------------------------------------------------------
Tests run: 2, Failures: 1, Errors: 0, Skipped: 0, Time elapsed: 0.001 s <<< FAILURE! - in com.verification.structural.MobileServiceTestVerification
registerRequestInvalidBrandTest  Time elapsed: 0 s  <<< FAILURE!
org.opentest4j.AssertionFailedError: expected: not <null>
	at com.verification.structural.MobileServiceTestVerification.registerRequestInvalidBrandTest(MobileServiceTestVerification.java:45)

