-------------------------------------------------------------------------------
Test set: com.verification.logical.PMDVerification
-------------------------------------------------------------------------------
Tests run: 1, Failures: 1, Errors: 0, Skipped: 0, Time elapsed: 1.509 s <<< FAILURE! - in com.verification.logical.PMDVerification
analyseCode  Time elapsed: 1.509 s  <<< FAILURE!
org.opentest4j.AssertionFailedError: 3 files contain violation(s)! File Name: MobileServiceTest.java - UnusedPrivateField : Avoid unused private fields such as 'mobileService'. | File Name: MobileServiceImpl.java - UnusedImports : Avoid unused imports such as 'java.util.ArrayList' - UnusedImports : Avoid unused imports such as 'java.util.stream.Collectors' | File Name: MobileServiceTester.java - UnusedLocalVariable : Avoid unused local variables such as 'list'. | ==> expected: <true> but was: <false>
	at com.verification.logical.PMDVerification.analyseCode(PMDVerification.java:54)

